[0.030s] Invoking command in '/home/ros2_humble/dev_ws/build/my_package': CMAKE_PREFIX_PATH=/opt/ros/humble /usr/bin/cmake /home/ros2_humble/dev_ws/src/my_package -DAMENT_CMAKE_SYMLINK_INSTALL=1 -DCMAKE_INSTALL_PREFIX=/home/ros2_humble/dev_ws/install/my_package
[0.434s] -- The C compiler identification is GNU 11.4.0
[0.690s] -- The CXX compiler identification is GNU 11.4.0
[0.716s] -- Detecting C compiler ABI info
[0.855s] -- Detecting C compiler ABI info - done
[0.866s] -- Check for working C compiler: /usr/bin/cc - skipped
[0.866s] -- Detecting C compile features
[0.869s] -- Detecting C compile features - done
[0.875s] -- Detecting CXX compiler ABI info
[1.012s] -- Detecting CXX compiler ABI info - done
[1.017s] -- Check for working CXX compiler: /usr/bin/c++ - skipped
[1.017s] -- Detecting CXX compile features
[1.018s] -- Detecting CXX compile features - done
[1.049s] -- Found ament_cmake: 1.3.10 (/opt/ros/humble/share/ament_cmake/cmake)
[1.251s] -- Found Python3: /usr/bin/python3 (found version "3.10.12") found components: Interpreter 
[1.353s] -- Override CMake install command with custom implementation using symlinks instead of copying resources
[1.434s] -- Found ament_lint_auto: 0.12.11 (/opt/ros/humble/share/ament_lint_auto/cmake)
[1.565s] -- Added test 'lint_cmake' to check CMake code style
[1.570s] -- Added test 'xmllint' to check XML markup files
[1.576s] -- Configuring done
[1.581s] -- Generating done
[1.581s] -- Build files have been written to: /home/ros2_humble/dev_ws/build/my_package
[1.586s] Invoked command in '/home/ros2_humble/dev_ws/build/my_package' returned '0': CMAKE_PREFIX_PATH=/opt/ros/humble /usr/bin/cmake /home/ros2_humble/dev_ws/src/my_package -DAMENT_CMAKE_SYMLINK_INSTALL=1 -DCMAKE_INSTALL_PREFIX=/home/ros2_humble/dev_ws/install/my_package
[1.589s] Invoking command in '/home/ros2_humble/dev_ws/build/my_package': CMAKE_PREFIX_PATH=/opt/ros/humble /usr/bin/cmake --build /home/ros2_humble/dev_ws/build/my_package -- -j2 -l2
[1.650s] Invoked command in '/home/ros2_humble/dev_ws/build/my_package' returned '0': CMAKE_PREFIX_PATH=/opt/ros/humble /usr/bin/cmake --build /home/ros2_humble/dev_ws/build/my_package -- -j2 -l2
[1.712s] Invoking command in '/home/ros2_humble/dev_ws/build/my_package': CMAKE_PREFIX_PATH=/opt/ros/humble /usr/bin/cmake --install /home/ros2_humble/dev_ws/build/my_package
[1.722s] -- Install configuration: ""
[1.723s] -- Execute custom install script
[1.723s] -- Symlinking: /home/ros2_humble/dev_ws/install/my_package/share/ament_index/resource_index/package_run_dependencies/my_package
[1.740s] -- Symlinking: /home/ros2_humble/dev_ws/install/my_package/share/ament_index/resource_index/parent_prefix_path/my_package
[1.752s] -- Symlinking: /home/ros2_humble/dev_ws/install/my_package/share/my_package/environment/ament_prefix_path.sh
[1.765s] -- Symlinking: /home/ros2_humble/dev_ws/install/my_package/share/my_package/environment/ament_prefix_path.dsv
[1.777s] -- Symlinking: /home/ros2_humble/dev_ws/install/my_package/share/my_package/environment/path.sh
[1.788s] -- Symlinking: /home/ros2_humble/dev_ws/install/my_package/share/my_package/environment/path.dsv
[1.802s] -- Symlinking: /home/ros2_humble/dev_ws/install/my_package/share/my_package/local_setup.bash
[1.815s] -- Symlinking: /home/ros2_humble/dev_ws/install/my_package/share/my_package/local_setup.sh
[1.827s] -- Symlinking: /home/ros2_humble/dev_ws/install/my_package/share/my_package/local_setup.zsh
[1.840s] -- Symlinking: /home/ros2_humble/dev_ws/install/my_package/share/my_package/local_setup.dsv
[1.854s] -- Symlinking: /home/ros2_humble/dev_ws/install/my_package/share/my_package/package.dsv
[1.866s] -- Symlinking: /home/ros2_humble/dev_ws/install/my_package/share/ament_index/resource_index/packages/my_package
[1.879s] -- Symlinking: /home/ros2_humble/dev_ws/install/my_package/share/my_package/cmake/my_packageConfig.cmake
[1.891s] -- Symlinking: /home/ros2_humble/dev_ws/install/my_package/share/my_package/cmake/my_packageConfig-version.cmake
[1.904s] -- Symlinking: /home/ros2_humble/dev_ws/install/my_package/share/my_package/package.xml
[1.918s] Invoked command in '/home/ros2_humble/dev_ws/build/my_package' returned '0': CMAKE_PREFIX_PATH=/opt/ros/humble /usr/bin/cmake --install /home/ros2_humble/dev_ws/build/my_package
