[0.426s] DEBUG:colcon:Command line arguments: ['/usr/bin/colcon', 'build', '--symlink-install']
[0.426s] DEBUG:colcon:Parsed command line arguments: Namespace(log_base=None, log_level=None, verb_name='build', build_base='build', install_base='install', merge_install=False, symlink_install=True, test_result_base=None, continue_on_error=False, executor='parallel', parallel_workers=2, event_handlers=None, ignore_user_meta=False, metas=['./colcon.meta'], base_paths=['.'], packages_ignore=None, packages_ignore_regex=None, paths=None, packages_up_to=None, packages_up_to_regex=None, packages_above=None, packages_above_and_dependencies=None, packages_above_depth=None, packages_select_by_dep=None, packages_skip_by_dep=None, packages_skip_up_to=None, packages_select_build_failed=False, packages_skip_build_finished=False, packages_select_test_failures=False, packages_skip_test_passed=False, packages_select=None, packages_skip=None, packages_select_regex=None, packages_skip_regex=None, packages_start=None, packages_end=None, allow_overriding=[], cmake_args=None, cmake_target=None, cmake_target_skip_unavailable=False, cmake_clean_cache=False, cmake_clean_first=False, cmake_force_configure=False, ament_cmake_args=None, catkin_cmake_args=None, catkin_skip_building_tests=False, verb_parser=<colcon_defaults.argument_parser.defaults.DefaultArgumentsDecorator object at 0x7f5485b48bb0>, verb_extension=<colcon_core.verb.build.BuildVerb object at 0x7f5485b486a0>, main=<bound method BuildVerb.main of <colcon_core.verb.build.BuildVerb object at 0x7f5485b486a0>>)
[0.915s] Level 1:colcon.colcon_core.package_discovery:discover_packages(colcon_meta) check parameters
[0.915s] Level 1:colcon.colcon_core.package_discovery:discover_packages(recursive) check parameters
[0.915s] Level 1:colcon.colcon_core.package_discovery:discover_packages(ignore) check parameters
[0.915s] Level 1:colcon.colcon_core.package_discovery:discover_packages(path) check parameters
[0.915s] Level 1:colcon.colcon_core.package_discovery:discover_packages(colcon_meta) discover
[0.915s] Level 1:colcon.colcon_core.package_discovery:discover_packages(recursive) discover
[0.915s] INFO:colcon.colcon_core.package_discovery:Crawling recursively for packages in '/home/ros2_humble/dev_ws'
[0.915s] Level 1:colcon.colcon_core.package_identification:_identify(.) by extensions ['ignore', 'ignore_ament_install']
[0.915s] Level 1:colcon.colcon_core.package_identification:_identify(.) by extension 'ignore'
[0.915s] Level 1:colcon.colcon_core.package_identification:_identify(.) by extension 'ignore_ament_install'
[0.915s] Level 1:colcon.colcon_core.package_identification:_identify(.) by extensions ['colcon_pkg']
[0.915s] Level 1:colcon.colcon_core.package_identification:_identify(.) by extension 'colcon_pkg'
[0.916s] Level 1:colcon.colcon_core.package_identification:_identify(.) by extensions ['colcon_meta']
[0.916s] Level 1:colcon.colcon_core.package_identification:_identify(.) by extension 'colcon_meta'
[0.916s] Level 1:colcon.colcon_core.package_identification:_identify(.) by extensions ['ros']
[0.916s] Level 1:colcon.colcon_core.package_identification:_identify(.) by extension 'ros'
[0.928s] Level 1:colcon.colcon_core.package_identification:_identify(.) by extensions ['cmake', 'python']
[0.928s] Level 1:colcon.colcon_core.package_identification:_identify(.) by extension 'cmake'
[0.928s] Level 1:colcon.colcon_core.package_identification:_identify(.) by extension 'python'
[0.928s] Level 1:colcon.colcon_core.package_identification:_identify(.) by extensions ['python_setup_py']
[0.928s] Level 1:colcon.colcon_core.package_identification:_identify(.) by extension 'python_setup_py'
[0.928s] Level 1:colcon.colcon_core.package_identification:_identify(build) by extensions ['ignore', 'ignore_ament_install']
[0.928s] Level 1:colcon.colcon_core.package_identification:_identify(build) by extension 'ignore'
[0.928s] Level 1:colcon.colcon_core.package_identification:_identify(build) ignored
[0.928s] Level 1:colcon.colcon_core.package_identification:_identify(install) by extensions ['ignore', 'ignore_ament_install']
[0.928s] Level 1:colcon.colcon_core.package_identification:_identify(install) by extension 'ignore'
[0.928s] Level 1:colcon.colcon_core.package_identification:_identify(install) ignored
[0.929s] Level 1:colcon.colcon_core.package_identification:_identify(log) by extensions ['ignore', 'ignore_ament_install']
[0.929s] Level 1:colcon.colcon_core.package_identification:_identify(log) by extension 'ignore'
[0.929s] Level 1:colcon.colcon_core.package_identification:_identify(log) ignored
[0.929s] Level 1:colcon.colcon_core.package_identification:_identify(src) by extensions ['ignore', 'ignore_ament_install']
[0.929s] Level 1:colcon.colcon_core.package_identification:_identify(src) by extension 'ignore'
[0.929s] Level 1:colcon.colcon_core.package_identification:_identify(src) by extension 'ignore_ament_install'
[0.929s] Level 1:colcon.colcon_core.package_identification:_identify(src) by extensions ['colcon_pkg']
[0.929s] Level 1:colcon.colcon_core.package_identification:_identify(src) by extension 'colcon_pkg'
[0.929s] Level 1:colcon.colcon_core.package_identification:_identify(src) by extensions ['colcon_meta']
[0.929s] Level 1:colcon.colcon_core.package_identification:_identify(src) by extension 'colcon_meta'
[0.929s] Level 1:colcon.colcon_core.package_identification:_identify(src) by extensions ['ros']
[0.929s] Level 1:colcon.colcon_core.package_identification:_identify(src) by extension 'ros'
[0.929s] Level 1:colcon.colcon_core.package_identification:_identify(src) by extensions ['cmake', 'python']
[0.929s] Level 1:colcon.colcon_core.package_identification:_identify(src) by extension 'cmake'
[0.929s] Level 1:colcon.colcon_core.package_identification:_identify(src) by extension 'python'
[0.929s] Level 1:colcon.colcon_core.package_identification:_identify(src) by extensions ['python_setup_py']
[0.929s] Level 1:colcon.colcon_core.package_identification:_identify(src) by extension 'python_setup_py'
[0.929s] Level 1:colcon.colcon_core.package_identification:_identify(src/my_package) by extensions ['ignore', 'ignore_ament_install']
[0.929s] Level 1:colcon.colcon_core.package_identification:_identify(src/my_package) by extension 'ignore'
[0.929s] Level 1:colcon.colcon_core.package_identification:_identify(src/my_package) by extension 'ignore_ament_install'
[0.930s] Level 1:colcon.colcon_core.package_identification:_identify(src/my_package) by extensions ['colcon_pkg']
[0.930s] Level 1:colcon.colcon_core.package_identification:_identify(src/my_package) by extension 'colcon_pkg'
[0.930s] Level 1:colcon.colcon_core.package_identification:_identify(src/my_package) by extensions ['colcon_meta']
[0.930s] Level 1:colcon.colcon_core.package_identification:_identify(src/my_package) by extension 'colcon_meta'
[0.930s] Level 1:colcon.colcon_core.package_identification:_identify(src/my_package) by extensions ['ros']
[0.930s] Level 1:colcon.colcon_core.package_identification:_identify(src/my_package) by extension 'ros'
[0.935s] DEBUG:colcon.colcon_core.package_identification:Package 'src/my_package' with type 'ros.ament_cmake' and name 'my_package'
[0.935s] Level 1:colcon.colcon_core.package_discovery:discover_packages(recursive) using defaults
[0.935s] Level 1:colcon.colcon_core.package_discovery:discover_packages(ignore) discover
[0.935s] Level 1:colcon.colcon_core.package_discovery:discover_packages(ignore) using defaults
[0.935s] Level 1:colcon.colcon_core.package_discovery:discover_packages(path) discover
[0.935s] Level 1:colcon.colcon_core.package_discovery:discover_packages(path) using defaults
[0.990s] Level 1:colcon.colcon_core.package_discovery:discover_packages(prefix_path) check parameters
[0.990s] Level 1:colcon.colcon_core.package_discovery:discover_packages(prefix_path) discover
[1.002s] DEBUG:colcon.colcon_installed_package_information.package_discovery:Found 261 installed packages in /opt/ros/humble
[1.004s] Level 1:colcon.colcon_core.package_discovery:discover_packages(prefix_path) using defaults
[1.213s] Level 5:colcon.colcon_core.verb:set package 'my_package' build argument 'cmake_args' from command line to 'None'
[1.213s] Level 5:colcon.colcon_core.verb:set package 'my_package' build argument 'cmake_target' from command line to 'None'
[1.213s] Level 5:colcon.colcon_core.verb:set package 'my_package' build argument 'cmake_target_skip_unavailable' from command line to 'False'
[1.213s] Level 5:colcon.colcon_core.verb:set package 'my_package' build argument 'cmake_clean_cache' from command line to 'False'
[1.213s] Level 5:colcon.colcon_core.verb:set package 'my_package' build argument 'cmake_clean_first' from command line to 'False'
[1.213s] Level 5:colcon.colcon_core.verb:set package 'my_package' build argument 'cmake_force_configure' from command line to 'False'
[1.213s] Level 5:colcon.colcon_core.verb:set package 'my_package' build argument 'ament_cmake_args' from command line to 'None'
[1.213s] Level 5:colcon.colcon_core.verb:set package 'my_package' build argument 'catkin_cmake_args' from command line to 'None'
[1.213s] Level 5:colcon.colcon_core.verb:set package 'my_package' build argument 'catkin_skip_building_tests' from command line to 'False'
[1.213s] DEBUG:colcon.colcon_core.verb:Building package 'my_package' with the following arguments: {'ament_cmake_args': None, 'build_base': '/home/ros2_humble/dev_ws/build/my_package', 'catkin_cmake_args': None, 'catkin_skip_building_tests': False, 'cmake_args': None, 'cmake_clean_cache': False, 'cmake_clean_first': False, 'cmake_force_configure': False, 'cmake_target': None, 'cmake_target_skip_unavailable': False, 'install_base': '/home/ros2_humble/dev_ws/install/my_package', 'merge_install': False, 'path': '/home/ros2_humble/dev_ws/src/my_package', 'symlink_install': True, 'test_result_base': None}
[1.213s] INFO:colcon.colcon_core.executor:Executing jobs using 'parallel' executor
[1.214s] DEBUG:colcon.colcon_parallel_executor.executor.parallel:run_until_complete
[1.214s] INFO:colcon.colcon_ros.task.ament_cmake.build:Building ROS package in '/home/ros2_humble/dev_ws/src/my_package' with build type 'ament_cmake'
[1.215s] INFO:colcon.colcon_cmake.task.cmake.build:Building CMake package in '/home/ros2_humble/dev_ws/src/my_package'
[1.228s] INFO:colcon.colcon_core.plugin_system:Skipping extension 'colcon_core.shell.bat': Not used on non-Windows systems
[1.228s] INFO:colcon.colcon_core.shell:Skip shell extension 'powershell' for command environment: Not usable outside of PowerShell
[1.228s] DEBUG:colcon.colcon_core.shell:Skip shell extension 'dsv' for command environment
[1.245s] DEBUG:colcon.colcon_core.event_handler.log_command:Invoking command in '/home/ros2_humble/dev_ws/build/my_package': CMAKE_PREFIX_PATH=/opt/ros/humble /usr/bin/cmake /home/ros2_humble/dev_ws/src/my_package -DAMENT_CMAKE_SYMLINK_INSTALL=1 -DCMAKE_INSTALL_PREFIX=/home/ros2_humble/dev_ws/install/my_package
[2.801s] DEBUG:colcon.colcon_core.event_handler.log_command:Invoked command in '/home/ros2_humble/dev_ws/build/my_package' returned '0': CMAKE_PREFIX_PATH=/opt/ros/humble /usr/bin/cmake /home/ros2_humble/dev_ws/src/my_package -DAMENT_CMAKE_SYMLINK_INSTALL=1 -DCMAKE_INSTALL_PREFIX=/home/ros2_humble/dev_ws/install/my_package
[2.805s] DEBUG:colcon.colcon_core.event_handler.log_command:Invoking command in '/home/ros2_humble/dev_ws/build/my_package': CMAKE_PREFIX_PATH=/opt/ros/humble /usr/bin/cmake --build /home/ros2_humble/dev_ws/build/my_package -- -j2 -l2
[2.866s] DEBUG:colcon.colcon_core.event_handler.log_command:Invoked command in '/home/ros2_humble/dev_ws/build/my_package' returned '0': CMAKE_PREFIX_PATH=/opt/ros/humble /usr/bin/cmake --build /home/ros2_humble/dev_ws/build/my_package -- -j2 -l2
[2.927s] DEBUG:colcon.colcon_core.event_handler.log_command:Invoking command in '/home/ros2_humble/dev_ws/build/my_package': CMAKE_PREFIX_PATH=/opt/ros/humble /usr/bin/cmake --install /home/ros2_humble/dev_ws/build/my_package
[3.132s] Level 1:colcon.colcon_core.environment:create_environment_scripts_only(my_package)
[3.133s] DEBUG:colcon.colcon_core.event_handler.log_command:Invoked command in '/home/ros2_humble/dev_ws/build/my_package' returned '0': CMAKE_PREFIX_PATH=/opt/ros/humble /usr/bin/cmake --install /home/ros2_humble/dev_ws/build/my_package
[3.152s] Level 1:colcon.colcon_core.environment:checking '/home/ros2_humble/dev_ws/install/my_package' for CMake module files
[3.152s] Level 1:colcon.colcon_core.environment:checking '/home/ros2_humble/dev_ws/install/my_package' for CMake config files
[3.152s] Level 1:colcon.colcon_core.shell:create_environment_hook('my_package', 'cmake_prefix_path')
[3.153s] INFO:colcon.colcon_core.shell:Creating environment hook '/home/ros2_humble/dev_ws/install/my_package/share/my_package/hook/cmake_prefix_path.ps1'
[3.155s] INFO:colcon.colcon_core.shell:Creating environment descriptor '/home/ros2_humble/dev_ws/install/my_package/share/my_package/hook/cmake_prefix_path.dsv'
[3.156s] INFO:colcon.colcon_core.shell:Creating environment hook '/home/ros2_humble/dev_ws/install/my_package/share/my_package/hook/cmake_prefix_path.sh'
[3.158s] Level 1:colcon.colcon_core.environment:checking '/home/ros2_humble/dev_ws/install/my_package/bin'
[3.158s] Level 1:colcon.colcon_core.environment:checking '/home/ros2_humble/dev_ws/install/my_package/lib/pkgconfig/my_package.pc'
[3.159s] Level 1:colcon.colcon_core.environment:checking '/home/ros2_humble/dev_ws/install/my_package/lib/python3.10/site-packages'
[3.159s] Level 1:colcon.colcon_core.environment:checking '/home/ros2_humble/dev_ws/install/my_package/bin'
[3.160s] INFO:colcon.colcon_core.shell:Creating package script '/home/ros2_humble/dev_ws/install/my_package/share/my_package/package.ps1'
[3.162s] INFO:colcon.colcon_core.shell:Creating package descriptor '/home/ros2_humble/dev_ws/install/my_package/share/my_package/package.dsv'
[3.164s] INFO:colcon.colcon_core.shell:Creating package script '/home/ros2_humble/dev_ws/install/my_package/share/my_package/package.sh'
[3.166s] INFO:colcon.colcon_core.shell:Creating package script '/home/ros2_humble/dev_ws/install/my_package/share/my_package/package.bash'
[3.168s] INFO:colcon.colcon_core.shell:Creating package script '/home/ros2_humble/dev_ws/install/my_package/share/my_package/package.zsh'
[3.170s] Level 1:colcon.colcon_core.environment:create_file_with_runtime_dependencies(/home/ros2_humble/dev_ws/install/my_package/share/colcon-core/packages/my_package)
[3.216s] Level 1:colcon.colcon_core.environment:create_environment_scripts_only(my_package)
[3.216s] Level 1:colcon.colcon_core.environment:checking '/home/ros2_humble/dev_ws/install/my_package' for CMake module files
[3.217s] Level 1:colcon.colcon_core.environment:checking '/home/ros2_humble/dev_ws/install/my_package' for CMake config files
[3.217s] Level 1:colcon.colcon_core.shell:create_environment_hook('my_package', 'cmake_prefix_path')
[3.217s] INFO:colcon.colcon_core.shell:Creating environment hook '/home/ros2_humble/dev_ws/install/my_package/share/my_package/hook/cmake_prefix_path.ps1'
[3.218s] INFO:colcon.colcon_core.shell:Creating environment descriptor '/home/ros2_humble/dev_ws/install/my_package/share/my_package/hook/cmake_prefix_path.dsv'
[3.218s] INFO:colcon.colcon_core.shell:Creating environment hook '/home/ros2_humble/dev_ws/install/my_package/share/my_package/hook/cmake_prefix_path.sh'
[3.219s] Level 1:colcon.colcon_core.environment:checking '/home/ros2_humble/dev_ws/install/my_package/bin'
[3.219s] Level 1:colcon.colcon_core.environment:checking '/home/ros2_humble/dev_ws/install/my_package/lib/pkgconfig/my_package.pc'
[3.219s] Level 1:colcon.colcon_core.environment:checking '/home/ros2_humble/dev_ws/install/my_package/lib/python3.10/site-packages'
[3.220s] Level 1:colcon.colcon_core.environment:checking '/home/ros2_humble/dev_ws/install/my_package/bin'
[3.220s] INFO:colcon.colcon_core.shell:Creating package script '/home/ros2_humble/dev_ws/install/my_package/share/my_package/package.ps1'
[3.221s] INFO:colcon.colcon_core.shell:Creating package descriptor '/home/ros2_humble/dev_ws/install/my_package/share/my_package/package.dsv'
[3.222s] INFO:colcon.colcon_core.shell:Creating package script '/home/ros2_humble/dev_ws/install/my_package/share/my_package/package.sh'
[3.222s] INFO:colcon.colcon_core.shell:Creating package script '/home/ros2_humble/dev_ws/install/my_package/share/my_package/package.bash'
[3.223s] INFO:colcon.colcon_core.shell:Creating package script '/home/ros2_humble/dev_ws/install/my_package/share/my_package/package.zsh'
[3.223s] Level 1:colcon.colcon_core.environment:create_file_with_runtime_dependencies(/home/ros2_humble/dev_ws/install/my_package/share/colcon-core/packages/my_package)
[3.224s] DEBUG:colcon.colcon_parallel_executor.executor.parallel:closing loop
[3.224s] DEBUG:colcon.colcon_parallel_executor.executor.parallel:loop closed
[3.224s] DEBUG:colcon.colcon_parallel_executor.executor.parallel:run_until_complete finished with '0'
[3.224s] DEBUG:colcon.colcon_core.event_reactor:joining thread
[3.245s] INFO:colcon.colcon_core.plugin_system:Skipping extension 'colcon_notification.desktop_notification.terminal_notifier': Not used on non-Darwin systems
[3.245s] INFO:colcon.colcon_core.plugin_system:Skipping extension 'colcon_notification.desktop_notification.win32': Not used on non-Windows systems
[3.245s] INFO:colcon.colcon_notification.desktop_notification:Sending desktop notification using 'notify2'
[3.424s] DEBUG:colcon.colcon_core.event_reactor:joined thread
[3.424s] INFO:colcon.colcon_core.shell:Creating prefix script '/home/ros2_humble/dev_ws/install/local_setup.ps1'
[3.426s] INFO:colcon.colcon_core.shell:Creating prefix util module '/home/ros2_humble/dev_ws/install/_local_setup_util_ps1.py'
[3.428s] INFO:colcon.colcon_core.shell:Creating prefix chain script '/home/ros2_humble/dev_ws/install/setup.ps1'
[3.429s] INFO:colcon.colcon_core.shell:Creating prefix script '/home/ros2_humble/dev_ws/install/local_setup.sh'
[3.430s] INFO:colcon.colcon_core.shell:Creating prefix util module '/home/ros2_humble/dev_ws/install/_local_setup_util_sh.py'
[3.431s] INFO:colcon.colcon_core.shell:Creating prefix chain script '/home/ros2_humble/dev_ws/install/setup.sh'
[3.432s] INFO:colcon.colcon_core.shell:Creating prefix script '/home/ros2_humble/dev_ws/install/local_setup.bash'
[3.433s] INFO:colcon.colcon_core.shell:Creating prefix chain script '/home/ros2_humble/dev_ws/install/setup.bash'
[3.435s] INFO:colcon.colcon_core.shell:Creating prefix script '/home/ros2_humble/dev_ws/install/local_setup.zsh'
[3.436s] INFO:colcon.colcon_core.shell:Creating prefix chain script '/home/ros2_humble/dev_ws/install/setup.zsh'
